\BOOKMARK [0][-]{chapter.1}{Advanced Media Production}{}% 1
\BOOKMARK [1][-]{section.1.1}{Einf\374hrung}{chapter.1}% 2
\BOOKMARK [1][-]{section.1.2}{S3D-Aufnahme-, \334bertragungs- und Darstellungstechnologien}{chapter.1}% 3
\BOOKMARK [2][-]{subsection.1.2.1}{Aufnahmetechnologien}{section.1.2}% 4
\BOOKMARK [2][-]{subsection.1.2.2}{Betrachtungstechnologien}{section.1.2}% 5
\BOOKMARK [2][-]{subsection.1.2.3}{Displayspeisung->Bildorganisation}{section.1.2}% 6
\BOOKMARK [2][-]{subsection.1.2.4}{Unser Auge ist keine Kamera}{section.1.2}% 7
\BOOKMARK [2][-]{subsection.1.2.5}{Nat\374rliche Okulomotorik}{section.1.2}% 8
\BOOKMARK [1][-]{section.1.3}{Warum sehen wir die Welt nicht doppelt}{chapter.1}% 9
\BOOKMARK [2][-]{subsection.1.3.1}{Wie nehmen wir unsere Umwelt war}{section.1.3}% 10
\BOOKMARK [2][-]{subsection.1.3.2}{Exkurs zur Selektiven Sch\344rfe}{section.1.3}% 11
\BOOKMARK [2][-]{subsection.1.3.3}{Warum wir die Welt nicht doppelt sehen}{section.1.3}% 12
\BOOKMARK [2][-]{subsection.1.3.4}{Patente Stereopsis}{section.1.3}% 13
\BOOKMARK [2][-]{subsection.1.3.5}{Monokulare depth cues}{section.1.3}% 14
\BOOKMARK [0][-]{chapter.2}{Formale Sprachen}{}% 15
\BOOKMARK [1][-]{section.2.1}{Grundlagen der Mengenlehre}{chapter.2}% 16
\BOOKMARK [2][-]{subsection.2.1.1}{Der Mengenbegriff}{section.2.1}% 17
\BOOKMARK [2][-]{subsection.2.1.2}{Mengenoperationen}{section.2.1}% 18
\BOOKMARK [1][-]{section.2.2}{Relationen und Funktionen}{chapter.2}% 19
\BOOKMARK [2][-]{subsection.2.2.1}{Relation}{section.2.2}% 20
\BOOKMARK [2][-]{subsection.2.2.2}{Funktion}{section.2.2}% 21
\BOOKMARK [1][-]{section.2.3}{Die Welt der Zahlen}{chapter.2}% 22
\BOOKMARK [2][-]{subsection.2.3.1}{Nat\374rliche, rationale und reelle Zahlen}{section.2.3}% 23
\BOOKMARK [2][-]{subsection.2.3.2}{Von gro\337en Zahlen}{section.2.3}% 24
\BOOKMARK [2][-]{subsection.2.3.3}{Die Unendlichkeit begreifen}{section.2.3}% 25
\BOOKMARK [1][-]{section.2.4}{Rekursion und induktive Beweise}{chapter.2}% 26
\BOOKMARK [2][-]{subsection.2.4.1}{Vollst\344ndige Induktion}{section.2.4}% 27
\BOOKMARK [0][-]{chapter.3}{Moderne Programmiersprachen}{}% 28
\BOOKMARK [1][-]{section.3.1}{Imperative Programmiersprachen}{chapter.3}% 29
\BOOKMARK [1][-]{section.3.2}{Hoare-Formeln}{chapter.3}% 30
\BOOKMARK [1][-]{section.3.3}{Hoare-Kalk\374l}{chapter.3}% 31
\BOOKMARK [2][-]{subsection.3.3.1}{Zuweisungsaxiom}{section.3.3}% 32
\BOOKMARK [2][-]{subsection.3.3.2}{Sequenzregel}{section.3.3}% 33
\BOOKMARK [2][-]{subsection.3.3.3}{Alternativregel}{section.3.3}% 34
\BOOKMARK [2][-]{subsection.3.3.4}{Iterationsregel}{section.3.3}% 35
\BOOKMARK [2][-]{subsection.3.3.5}{Konsequenzregel}{section.3.3}% 36
\BOOKMARK [1][-]{section.3.4}{WP-Kalk\374l}{chapter.3}% 37
\BOOKMARK [2][-]{subsection.3.4.1}{Partielle Korrektheit}{section.3.4}% 38
\BOOKMARK [-1][-]{part.1}{Introduction to Deep Learning}{}% 39
\BOOKMARK [0][-]{chapter.4}{Linear Regression}{part.1}% 40
\BOOKMARK [1][-]{section.4.1}{Supervised Learning}{chapter.4}% 41
\BOOKMARK [2][-]{subsection.4.1.1}{Outline}{section.4.1}% 42
\BOOKMARK [1][-]{section.4.2}{Linear Regression}{chapter.4}% 43
\BOOKMARK [2][-]{subsection.4.2.1}{Regression accuracy}{section.4.2}% 44
\BOOKMARK [2][-]{subsection.4.2.2}{Train/Test split evaluation approach}{section.4.2}% 45
\BOOKMARK [2][-]{subsection.4.2.3}{K-fold cross-validation}{section.4.2}% 46
\BOOKMARK [2][-]{subsection.4.2.4}{Evaluation Metrics in Regression Models}{section.4.2}% 47
\BOOKMARK [2][-]{subsection.4.2.5}{Multipe Linear Regression}{section.4.2}% 48
